Executing:  py colgroup\maincolgroup.py at 08-Oct-22 11:12:01

Counts sorted by (as is)
========================
Team         #apps
-----------  -----
team_name_2      1
team_name_1      1
West Brom     1219
Swansea       1180
Blackburn       33
Bolton          37
Chelsea       1147
Arsenal        534
Everton       1147
Tottenham     1288
Fulham        1209
QPR           1517
Liverpool     1227
Sunderland    1162
Man City      1099
Man Utd       1231
Newcastle     1247
Stoke City    1170
Wolves          31
Aston Villa    685
Wigan         1036
Norwich       1229
West Ham      1126
Reading       1167
Southampton   1110

Counts sorted by key
====================
Team         #apps
-----------  -----
Arsenal        534
Aston Villa    685
Blackburn       33
Bolton          37
Chelsea       1147
Everton       1147
Fulham        1209
Liverpool     1227
Man City      1099
Man Utd       1231
Newcastle     1247
Norwich       1229
QPR           1517
Reading       1167
Southampton   1110
Stoke City    1170
Sunderland    1162
Swansea       1180
Tottenham     1288
West Brom     1219
West Ham      1126
Wigan         1036
Wolves          31
team_name_1      1
team_name_2      1

Counts sorted by value (lambda)
===============================
Team         #apps
-----------  -----
team_name_1      1
team_name_2      1
Wolves          31
Blackburn       33
Bolton          37
Arsenal        534
Aston Villa    685
Wigan         1036
Man City      1099
Southampton   1110
West Ham      1126
Chelsea       1147
Everton       1147
Sunderland    1162
Reading       1167
Stoke City    1170
Swansea       1180
Fulham        1209
West Brom     1219
Liverpool     1227
Norwich       1229
Man Utd       1231
Newcastle     1247
Tottenham     1288
QPR           1517
Executing:  py colgroup\testcolgroup.py at 08-Oct-22 11:12:01
Executing:  py helloworld\mainhelloworld.py at 08-Oct-22 11:12:01
Hello World!
Executing:  py helloworld\testhelloworld.py at 08-Oct-22 11:12:01
Format the unit test results from folder: C:\Users\Brend\OneDrive\Documents\demo\npm\node_modules\trapit\

Copying C:\Users\Brend\OneDrive\Documents\GitHub\trapit_python_tester\examples\colgroup\colgroup_out.json to .\externals\python
Copying C:\Users\Brend\OneDrive\Documents\GitHub\trapit_python_tester\examples\helloworld\helloworld_out.json to .\externals\python

Unit Test Results Summary for Folder ./externals/python
=======================================================
 File                 Title               Inp Groups  Out Groups  Tests  Fails  Folder            
--------------------  ------------------  ----------  ----------  -----  -----  ------------------
*colgroup_out.json    Col Group                    3           4      5      1  col-group         
 helloworld_out.json  Hello World                  0           1      1      0  hello-world       
 trapit_py_out.json   Python Unit Tester           7           6      4      0  python-unit-tester

1 externals failed, see ./externals/python for scenario listings
colgroup_out.json
