Compiler type: unix
--noopenmp: 0
--forceopenmp: 0
--noxpreprocessor: 0
--forcellvm: 0
--forcegnugcc: 0
--forcestatic: 0
Cython found (during compilation)
- Version: 0.29.32
- Locations: <module 'Cython' from '/Users/wannes/Projects/Research/2016-DTW/repo_dtw/venv-310/lib/python3.10/site-packages/Cython/__init__.py'>
Numpy found (during compilation):
- Version: 1.23.3
- Location: <module 'numpy' from '/Users/wannes/Projects/Research/2016-DTW/repo_dtw/venv-310/lib/python3.10/site-packages/numpy/__init__.py'>
Using LLVM settings (clang)
Checking for OpenMP availability for clang
clang -dM -E -Xpreprocessor -fopenmp - # with stdout=-1, stderr=-1, input=, encoding=ascii

#define _OPENMP 201811
... found OpenMP
All extensions:
[<setuptools.extension.Extension('dtaidistance.dtw_cc') at 0x10570fe80>, <setuptools.extension.Extension('dtaidistance.ed_cc') at 0x106051900>, <setuptools.extension.Extension('dtaidistance.dtw_cc_omp') at 0x106051d80>, <setuptools.extension.Extension('dtaidistance.dtw_cc_numpy') at 0x106053730>]
