Compiling test case stringop_overflow
gcc -D_GNU_SOURCE -include config-host.h -Werror -Wstringop-overflow=0 -o /tmp/tmp.ejbyjw6z8m/liburing-conf.exe /tmp/tmp.ejbyjw6z8m/liburing-conf.c
Compiling test case array_bounds
gcc -D_GNU_SOURCE -include config-host.h -Werror -Warray-bounds=0 -o /tmp/tmp.ejbyjw6z8m/liburing-conf.exe /tmp/tmp.ejbyjw6z8m/liburing-conf.c
Compiling test case __kernel_rwf_t
gcc -D_GNU_SOURCE -include config-host.h -o /tmp/tmp.ejbyjw6z8m/liburing-conf.exe /tmp/tmp.ejbyjw6z8m/liburing-conf.c
Compiling test case __kernel_timespec
gcc -D_GNU_SOURCE -include config-host.h -o /tmp/tmp.ejbyjw6z8m/liburing-conf.exe /tmp/tmp.ejbyjw6z8m/liburing-conf.c
Compiling test case open_how
gcc -D_GNU_SOURCE -include config-host.h -o /tmp/tmp.ejbyjw6z8m/liburing-conf.exe /tmp/tmp.ejbyjw6z8m/liburing-conf.c
Compiling test case statx
gcc -D_GNU_SOURCE -include config-host.h -o /tmp/tmp.ejbyjw6z8m/liburing-conf.exe /tmp/tmp.ejbyjw6z8m/liburing-conf.c
Compiling test case glibc_statx
gcc -D_GNU_SOURCE -include config-host.h -o /tmp/tmp.ejbyjw6z8m/liburing-conf.exe /tmp/tmp.ejbyjw6z8m/liburing-conf.c
Compiling test case C++
g++ -D_GNU_SOURCE -include config-host.h -o /tmp/tmp.ejbyjw6z8m/liburing-conf.exe /tmp/tmp.ejbyjw6z8m/liburing-conf-2.cpp
configure: line 137: g++: command not found
Compiling test case has_ucontext
gcc -D_GNU_SOURCE -include config-host.h -o /tmp/tmp.ejbyjw6z8m/liburing-conf.exe /tmp/tmp.ejbyjw6z8m/liburing-conf.c
Compiling test case nvme uring cmd
gcc -D_GNU_SOURCE -include config-host.h -o /tmp/tmp.ejbyjw6z8m/liburing-conf.exe /tmp/tmp.ejbyjw6z8m/liburing-conf.c
/tmp/tmp.ejbyjw6z8m/liburing-conf.c: In function ‘main’:
/tmp/tmp.ejbyjw6z8m/liburing-conf.c:6:17: error: invalid application of ‘sizeof’ to incomplete type ‘struct nvme_uring_cmd’
    6 |   return sizeof(struct nvme_uring_cmd);
      |                 ^~~~~~
